# JRE version: OpenJDK Runtime Environment (11.0.15) (build 11.0.15+0-b2043.56-9505619)
# Java VM: OpenJDK 64-Bit Server VM (11.0.15+0-b2043.56-9505619, mixed mode, tiered, compressed oops, g1 gc, windows-amd64)
Heap:
 garbage-first heap   total 521216K, used 241344K [0x0000000080000000, 0x0000000100000000)
  region size 1024K, 17 young (17408K), 3 survivors (3072K)
 Metaspace       used 146054K, capacity 149986K, committed 151464K, reserved 1181696K
  class space    used 17746K, capacity 19246K, committed 19748K, reserved 1048576K
GC Heap History (20 events):
Event: 9764.013 GC heap before
{Heap before GC invocations=315 (full 0):
 garbage-first heap   total 521216K, used 241152K [0x0000000080000000, 0x0000000100000000)
  region size 1024K, 25 young (25600K), 4 survivors (4096K)
 Metaspace       used 144473K, capacity 148561K, committed 149800K, reserved 1179648K
  class space    used 17678K, capacity 19226K, committed 19620K, reserved 1048576K
}
Event: 9764.026 GC heap after
{Heap after GC invocations=316 (full 0):
 garbage-first heap   total 521216K, used 223047K [0x0000000080000000, 0x0000000100000000)
  region size 1024K, 3 young (3072K), 3 survivors (3072K)
 Metaspace       used 144473K, capacity 148561K, committed 149800K, reserved 1179648K
  class space    used 17678K, capacity 19226K, committed 19620K, reserved 1048576K
}
Event: 9766.065 GC heap before
{Heap before GC invocations=316 (full 0):
 garbage-first heap   total 521216K, used 244551K [0x0000000080000000, 0x0000000100000000)
  region size 1024K, 25 young (25600K), 3 survivors (3072K)
 Metaspace       used 145526K, capacity 149653K, committed 150952K, reserved 1181696K
  class space    used 17751K, capacity 19290K, committed 19748K, reserved 1048576K
}
Event: 9766.076 GC heap after
{Heap after GC invocations=317 (full 0):
 garbage-first heap   total 521216K, used 213039K [0x0000000080000000, 0x0000000100000000)
  region size 1024K, 1 young (1024K), 1 survivors (1024K)
 Metaspace       used 145526K, capacity 149653K, committed 150952K, reserved 1181696K
  class space    used 17751K, capacity 19290K, committed 19748K, reserved 1048576K
}
Event: 9862.075 GC heap before
{Heap before GC invocations=317 (full 0):
 garbage-first heap   total 521216K, used 236591K [0x0000000080000000, 0x0000000100000000)
  region size 1024K, 25 young (25600K), 1 survivors (1024K)
 Metaspace       used 146042K, capacity 150242K, committed 151208K, reserved 1181696K
  class space    used 17805K, capacity 19353K, committed 19748K, reserved 1048576K
}
Event: 9862.191 GC heap after
{Heap after GC invocations=318 (full 0):
 garbage-first heap   total 521216K, used 214279K [0x0000000080000000, 0x0000000100000000)
  region size 1024K, 2 young (2048K), 2 survivors (2048K)
 Metaspace       used 146042K, capacity 150242K, committed 151208K, reserved 1181696K
  class space    used 17805K, capacity 19353K, committed 19748K, reserved 1048576K
}
Event: 10007.614 GC heap before
{Heap before GC invocations=318 (full 0):
 garbage-first heap   total 521216K, used 236807K [0x0000000080000000, 0x0000000100000000)
  region size 1024K, 25 young (25600K), 2 survivors (2048K)
 Metaspace       used 146055K, capacity 150242K, committed 151208K, reserved 1181696K
  class space    used 17805K, capacity 19353K, committed 19748K, reserved 1048576K
}
Event: 10007.638 GC heap after
{Heap after GC invocations=319 (full 0):
 garbage-first heap   total 521216K, used 218633K [0x0000000080000000, 0x0000000100000000)
  region size 1024K, 4 young (4096K), 4 survivors (4096K)
 Metaspace       used 146055K, capacity 150242K, committed 151208K, reserved 1181696K
  class space    used 17805K, capacity 19353K, committed 19748K, reserved 1048576K
}
Event: 10009.317 GC heap before
{Heap before GC invocations=320 (full 0):
 garbage-first heap   total 521216K, used 237065K [0x0000000080000000, 0x0000000100000000)
  region size 1024K, 25 young (25600K), 4 survivors (4096K)
 Metaspace       used 145666K, capacity 149580K, committed 151208K, reserved 1181696K
  class space    used 17737K, capacity 19230K, committed 19748K, reserved 1048576K
}
Event: 10009.327 GC heap after
{Heap after GC invocations=321 (full 0):
 garbage-first heap   total 521216K, used 216745K [0x0000000080000000, 0x0000000100000000)
  region size 1024K, 1 young (1024K), 1 survivors (1024K)
 Metaspace       used 145666K, capacity 149580K, committed 151208K, reserved 1181696K
  class space    used 17737K, capacity 19230K, committed 19748K, reserved 1048576K
}
Event: 10021.478 GC heap before
{Heap before GC invocations=321 (full 0):
 garbage-first heap   total 521216K, used 242345K [0x0000000080000000, 0x0000000100000000)
  region size 1024K, 25 young (25600K), 1 survivors (1024K)
 Metaspace       used 145764K, capacity 149648K, committed 151208K, reserved 1181696K
  class space    used 17737K, capacity 19231K, committed 19748K, reserved 1048576K
}
Event: 10021.993 GC heap after
{Heap after GC invocations=322 (full 0):
 garbage-first heap   total 521216K, used 215014K [0x0000000080000000, 0x0000000100000000)
  region size 1024K, 4 young (4096K), 4 survivors (4096K)
 Metaspace       used 145764K, capacity 149648K, committed 151208K, reserved 1181696K
  class space    used 17737K, capacity 19231K, committed 19748K, reserved 1048576K
}
Event: 10049.529 GC heap before
{Heap before GC invocations=322 (full 0):
 garbage-first heap   total 521216K, used 236518K [0x0000000080000000, 0x0000000100000000)
  region size 1024K, 25 young (25600K), 4 survivors (4096K)
 Metaspace       used 145772K, capacity 149712K, committed 151208K, reserved 1181696K
  class space    used 17737K, capacity 19231K, committed 19748K, reserved 1048576K
}
Event: 10049.627 GC heap after
{Heap after GC invocations=323 (full 0):
 garbage-first heap   total 521216K, used 220984K [0x0000000080000000, 0x0000000100000000)
  region size 1024K, 4 young (4096K), 4 survivors (4096K)
 Metaspace       used 145772K, capacity 149712K, committed 151208K, reserved 1181696K
  class space    used 17737K, capacity 19231K, committed 19748K, reserved 1048576K
}
Event: 10051.236 GC heap before
{Heap before GC invocations=324 (full 0):
 garbage-first heap   total 521216K, used 242488K [0x0000000080000000, 0x0000000100000000)
  region size 1024K, 25 young (25600K), 4 survivors (4096K)
 Metaspace       used 145848K, capacity 149776K, committed 151208K, reserved 1181696K
  class space    used 17737K, capacity 19231K, committed 19748K, reserved 1048576K
}
Event: 10051.249 GC heap after
{Heap after GC invocations=325 (full 0):
 garbage-first heap   total 521216K, used 222272K [0x0000000080000000, 0x0000000100000000)
  region size 1024K, 3 young (3072K), 3 survivors (3072K)
 Metaspace       used 145848K, capacity 149776K, committed 151208K, reserved 1181696K
  class space    used 17737K, capacity 19231K, committed 19748K, reserved 1048576K
}
Event: 10062.172 GC heap before
{Heap before GC invocations=325 (full 0):
 garbage-first heap   total 521216K, used 245824K [0x0000000080000000, 0x0000000100000000)
  region size 1024K, 25 young (25600K), 3 survivors (3072K)
 Metaspace       used 145905K, capacity 149839K, committed 151208K, reserved 1181696K
  class space    used 17743K, capacity 19241K, committed 19748K, reserved 1048576K
}
Event: 10062.257 GC heap after
{Heap after GC invocations=326 (full 0):
 garbage-first heap   total 521216K, used 225183K [0x0000000080000000, 0x0000000100000000)
  region size 1024K, 4 young (4096K), 4 survivors (4096K)
 Metaspace       used 145905K, capacity 149839K, committed 151208K, reserved 1181696K
  class space    used 17743K, capacity 19241K, committed 19748K, reserved 1048576K
}
Event: 10063.851 GC heap before
{Heap before GC invocations=326 (full 0):
 garbage-first heap   total 521216K, used 246687K [0x0000000080000000, 0x0000000100000000)
  region size 1024K, 25 young (25600K), 4 survivors (4096K)
 Metaspace       used 145915K, capacity 149840K, committed 151208K, reserved 1181696K
  class space    used 17743K, capacity 19241K, committed 19748K, reserved 1048576K
}
Event: 10063.869 GC heap after
{Heap after GC invocations=327 (full 0):
 garbage-first heap   total 521216K, used 228032K [0x0000000080000000, 0x0000000100000000)
  region size 1024K, 3 young (3072K), 3 survivors (3072K)
 Metaspace       used 145915K, capacity 149840K, committed 151208K, reserved 1181696K
  class space    used 17743K, capacity 19241K, committed 19748K, reserved 1048576K
}

